


ARM Macro Assembler    Page 1 


    1 00000000         ;/*
    2 00000000         ; *-----------------------------------------------------
                       ------------------------
    3 00000000         ; * The confidential and proprietary information contain
                       ed in this file may
    4 00000000         ; * only be used by a person authorised under and to the
                        extent permitted
    5 00000000         ; * by a subsisting licensing agreement from ARM Limited
                       .
    6 00000000         ; *
    7 00000000         ; *            (C) COPYRIGHT 2010-2011 ARM Limited.
    8 00000000         ; *                ALL RIGHTS RESERVED
    9 00000000         ; *
   10 00000000         ; * This entire notice must be reproduced on all copies 
                       of this file
   11 00000000         ; * and copies of this file may only be made by a person
                        if such person is
   12 00000000         ; * permitted to do so under the terms of a subsisting l
                       icense agreement
   13 00000000         ; * from ARM Limited.
   14 00000000         ; *
   15 00000000         ; *      SVN Information
   16 00000000         ; *
   17 00000000         ; *      Checked In          : $Date: 2011-03-17 11:25:0
                       1 +0000 (Thu, 17 Mar 2011) $
   18 00000000         ; *
   19 00000000         ; *      Revision            : $Revision: 164919 $
   20 00000000         ; *
   21 00000000         ; *      Release Information : BP200-r0p0-00rel0
   22 00000000         ; *-----------------------------------------------------
                       ------------------------
   23 00000000         ; */
   24 00000000         
   25 00000000         ;/******************************************************
                       ***********************/
   26 00000000         ;/* Startup.s: Startup file for ARM Cortex-M0 Device Fam
                       ily                   */
   27 00000000         ;/******************************************************
                       ***********************/
   28 00000000         
   29 00000000         
   30 00000000         ;// <h> Stack Configuration
   31 00000000         ;//   <o> Stack Size (in Bytes) <0x0-0xFFFFFFFF:8>
   32 00000000         ;// </h>
   33 00000000         
   34 00000000 00000200 
                       Stack_Size
                               EQU              0x00000200
   35 00000000         
   36 00000000                 AREA             STACK, NOINIT, READWRITE, ALIGN
=3
   37 00000000         Stack_Mem
                               SPACE            Stack_Size
   38 00000200         __initial_sp
   39 00000200         
   40 00000200         
   41 00000200         ;// <h> Heap Configuration
   42 00000200         ;//   <o>  Heap Size (in Bytes) <0x0-0xFFFFFFFF:8>
   43 00000200         ;// </h>



ARM Macro Assembler    Page 2 


   44 00000200         
   45 00000200 00000100 
                       Heap_Size
                               EQU              0x00000100
   46 00000200         
   47 00000200                 AREA             HEAP, NOINIT, READWRITE, ALIGN=
3
   48 00000000         __heap_base
   49 00000000         Heap_Mem
                               SPACE            Heap_Size
   50 00000100         __heap_limit
   51 00000100         
   52 00000100         
   53 00000100                 PRESERVE8
   54 00000100                 THUMB
   55 00000100         
   56 00000100         
   57 00000100         ; Vector Table Mapped to Address 0 at Reset
   58 00000100         
   59 00000100                 AREA             RESET, DATA, READONLY
   60 00000000                 EXPORT           __Vectors
   61 00000000                 EXPORT           __Vectors_End
   62 00000000                 EXPORT           __Vectors_Size
   63 00000000         
   64 00000000 00000000 
                       __Vectors
                               DCD              __initial_sp ; Top of Stack
   65 00000004 00000000        DCD              Reset_Handler ; Reset Handler
   66 00000008 00000000        DCD              NMI_Handler ; NMI Handler
   67 0000000C 00000000        DCD              HardFault_Handler ; Hard Fault 
                                                            Handler
   68 00000010 00000000        DCD              0           ; Reserved
   69 00000014 00000000        DCD              0           ; Reserved
   70 00000018 00000000        DCD              0           ; Reserved
   71 0000001C 00000000        DCD              0           ; Reserved
   72 00000020 00000000        DCD              0           ; Reserved
   73 00000024 00000000        DCD              0           ; Reserved
   74 00000028 00000000        DCD              0           ; Reserved
   75 0000002C 00000000        DCD              SVC_Handler ; SVCall Handler
   76 00000030 00000000        DCD              0           ; Reserved
   77 00000034 00000000        DCD              0           ; Reserved
   78 00000038 00000000        DCD              PendSV_Handler ; PendSV Handler
                                                            
   79 0000003C 00000000        DCD              SysTick_Handler 
                                                            ; SysTick Handler
   80 00000040 00000000        DCD              BLE_WAKEUP_LP_Handler
   81 00000044 00000000        DCD              BLE_FINETGTIM_Handler
   82 00000048 00000000        DCD              BLE_GROSSTGTIM_Handler
   83 0000004C 00000000        DCD              BLE_CSCNT_Handler
   84 00000050 00000000        DCD              BLE_SLP_Handler
   85 00000054 00000000        DCD              BLE_ERROR_Handler
   86 00000058 00000000        DCD              BLE_RX_Handler
   87 0000005C 00000000        DCD              BLE_EVENT_Handler
   88 00000060 00000000        DCD              SWTIM_Handler
   89 00000064 00000000        DCD              WKUP_QUADEC_Handler
   90 00000068 00000000        DCD              BLE_RADIOCNTL_Handler
   91 0000006C 00000000        DCD              BLE_CRYPT_Handler
   92 00000070 00000000        DCD              UART_Handler
   93 00000074 00000000        DCD              UART2_Handler



ARM Macro Assembler    Page 3 


   94 00000078 00000000        DCD              I2C_Handler
   95 0000007C 00000000        DCD              SPI_Handler
   96 00000080 00000000        DCD              ADC_Handler
   97 00000084 00000000        DCD              KEYBRD_Handler
   98 00000088 00000000        DCD              RFCAL_Handler
   99 0000008C 00000000        DCD              GPIO0_Handler
  100 00000090 00000000        DCD              GPIO1_Handler
  101 00000094 00000000        DCD              GPIO2_Handler
  102 00000098 00000000        DCD              GPIO3_Handler
  103 0000009C 00000000        DCD              GPIO4_Handler
  104 000000A0         __Vectors_End
  105 000000A0         
  106 000000A0 000000A0 
                       __Vectors_Size
                               EQU              __Vectors_End - __Vectors
  107 000000A0                 AREA             |.text|, CODE, READONLY
  108 00000000         
  109 00000000         
  110 00000000         ; Reset Handler
  111 00000000         
  112 00000000         Reset_Handler
                               PROC
  113 00000000                 EXPORT           Reset_Handler             [WEAK
]
  114 00000000                 IMPORT           __main
  115 00000000                 IMPORT           SystemInit
  116 00000000         
  117 00000000         
  118 00000000         
  119 00000000 4807            LDR              R0, =SystemInit
  120 00000002 4780            BLX              R0
  121 00000004 4807            LDR              R0, =__main
  122 00000006 4700            BX               R0
  123 00000008                 ENDP
  124 00000008         
  125 00000008         
  126 00000008         ; Dummy Exception Handlers (infinite loops which can be 
                       modified)
  127 00000008         
  128 00000008         NMI_Handler
                               PROC
  129 00000008                 EXPORT           NMI_Handler               [WEAK
]
  130 00000008 E7FE            B                .
  131 0000000A                 ENDP
  133 0000000A         HardFault_Handler
                               PROC
  134 0000000A                 EXPORT           HardFault_Handler         [WEAK
]
  135 0000000A E7FE            B                .
  136 0000000C                 ENDP
  137 0000000C         SVC_Handler
                               PROC
  138 0000000C                 EXPORT           SVC_Handler               [WEAK
]
  139 0000000C E7FE            B                .
  140 0000000E                 ENDP
  141 0000000E         PendSV_Handler
                               PROC



ARM Macro Assembler    Page 4 


  142 0000000E                 EXPORT           PendSV_Handler            [WEAK
]
  143 0000000E E7FE            B                .
  144 00000010                 ENDP
  145 00000010         SysTick_Handler
                               PROC
  146 00000010                 EXPORT           SysTick_Handler            [WEA
K]
  147 00000010 E7FE            B                .
  148 00000012                 ENDP
  149 00000012         Default_Handler
                               PROC
  150 00000012                 EXPORT           BLE_WAKEUP_LP_Handler   [WEAK]
  151 00000012                 EXPORT           BLE_FINETGTIM_Handler   [WEAK]
  152 00000012                 EXPORT           BLE_GROSSTGTIM_Handler  [WEAK]
  153 00000012                 EXPORT           BLE_CSCNT_Handler       [WEAK]
  154 00000012                 EXPORT           BLE_SLP_Handler         [WEAK]
  155 00000012                 EXPORT           BLE_ERROR_Handler       [WEAK]
  156 00000012                 EXPORT           BLE_RX_Handler          [WEAK]
  157 00000012                 EXPORT           BLE_EVENT_Handler    [WEAK]
  158 00000012                 EXPORT           SWTIM_Handler           [WEAK]
  159 00000012                 EXPORT           WKUP_QUADEC_Handler     [WEAK]
  160 00000012                 EXPORT           BLE_RADIOCNTL_Handler   [WEAK]
  161 00000012                 EXPORT           BLE_CRYPT_Handler    [WEAK]
  162 00000012                 EXPORT           UART_Handler         [WEAK]
  163 00000012                 EXPORT           UART2_Handler           [WEAK]
  164 00000012                 EXPORT           I2C_Handler             [WEAK]
  165 00000012                 EXPORT           SPI_Handler             [WEAK]
  166 00000012                 EXPORT           ADC_Handler             [WEAK]
  167 00000012                 EXPORT           KEYBRD_Handler           [WEAK]
  168 00000012                 EXPORT           RFCAL_Handler           [WEAK]
  169 00000012                 EXPORT           GPIO0_Handler           [WEAK]
  170 00000012                 EXPORT           GPIO1_Handler           [WEAK]
  171 00000012                 EXPORT           GPIO2_Handler           [WEAK]
  172 00000012                 EXPORT           GPIO3_Handler           [WEAK]
  173 00000012                 EXPORT           GPIO4_Handler           [WEAK]
  174 00000012         BLE_WAKEUP_LP_Handler
  175 00000012         BLE_FINETGTIM_Handler
  176 00000012         BLE_GROSSTGTIM_Handler
  177 00000012         BLE_CSCNT_Handler
  178 00000012         BLE_SLP_Handler
  179 00000012         BLE_ERROR_Handler
  180 00000012         BLE_RX_Handler
  181 00000012         BLE_EVENT_Handler
  182 00000012         SWTIM_Handler
  183 00000012         WKUP_QUADEC_Handler
  184 00000012         BLE_RADIOCNTL_Handler
  185 00000012         BLE_CRYPT_Handler
  186 00000012         UART_Handler
  187 00000012         UART2_Handler
  188 00000012         I2C_Handler
  189 00000012         SPI_Handler
  190 00000012         ADC_Handler
  191 00000012         KEYBRD_Handler
  192 00000012         RFCAL_Handler
  193 00000012         GPIO0_Handler
  194 00000012         GPIO1_Handler
  195 00000012         GPIO2_Handler
  196 00000012         GPIO3_Handler



ARM Macro Assembler    Page 5 


  197 00000012         GPIO4_Handler
  198 00000012         
  199 00000012 E7FE            B                .
  200 00000014                 ENDP
  201 00000014         
  202 00000014                 ALIGN
  203 00000014         
  204 00000014         
  205 00000014         ; User Initial Stack & Heap
  206 00000014         
  207 00000014                 IF               :DEF:__MICROLIB
  214 00000014         
  215 00000014                 IMPORT           __use_two_region_memory
  216 00000014                 EXPORT           __user_initial_stackheap
  217 00000014         __user_initial_stackheap
  218 00000014         
  219 00000014 4804            LDR              R0, =  Heap_Mem
  220 00000016 4905            LDR              R1, =(Stack_Mem + Stack_Size)
  221 00000018 4A05            LDR              R2, = (Heap_Mem +  Heap_Size)
  222 0000001A 4B06            LDR              R3, = Stack_Mem
  223 0000001C 4770            BX               LR
  224 0000001E         
  225 0000001E 00 00           ALIGN
  226 00000020         
  227 00000020                 ENDIF
  228 00000020         
  229 00000020         
  230 00000020                 END
              00000000 
              00000000 
              00000000 
              00000200 
              00000100 
              00000000 
Command Line: --debug --xref --cpu=Cortex-M0 --apcs=interwork --depend=.\out\st
artup_cmsdk_cm0.d -o.\out\startup_cmsdk_cm0.o -IC:\Keil\ARM\RV31\INC -IC:\Keil\
ARM\CMSIS\Include -IC:\Keil\ARM\Inc\ARM --list=.\out\startup_cmsdk_cm0.lst star
tup\startup_CMSDK_CM0.s



ARM Macro Assembler    Page 1 Alphabetic symbol ordering
Relocatable symbols

STACK 00000000

Symbol: STACK
   Definitions
      At line 36 in file startup\startup_CMSDK_CM0.s
   Uses
      None
Comment: STACK unused
Stack_Mem 00000000

Symbol: Stack_Mem
   Definitions
      At line 37 in file startup\startup_CMSDK_CM0.s
   Uses
      At line 220 in file startup\startup_CMSDK_CM0.s
      At line 222 in file startup\startup_CMSDK_CM0.s

__initial_sp 00000200

Symbol: __initial_sp
   Definitions
      At line 38 in file startup\startup_CMSDK_CM0.s
   Uses
      At line 64 in file startup\startup_CMSDK_CM0.s
Comment: __initial_sp used once
3 symbols



ARM Macro Assembler    Page 1 Alphabetic symbol ordering
Relocatable symbols

HEAP 00000000

Symbol: HEAP
   Definitions
      At line 47 in file startup\startup_CMSDK_CM0.s
   Uses
      None
Comment: HEAP unused
Heap_Mem 00000000

Symbol: Heap_Mem
   Definitions
      At line 49 in file startup\startup_CMSDK_CM0.s
   Uses
      At line 219 in file startup\startup_CMSDK_CM0.s
      At line 221 in file startup\startup_CMSDK_CM0.s

__heap_base 00000000

Symbol: __heap_base
   Definitions
      At line 48 in file startup\startup_CMSDK_CM0.s
   Uses
      None
Comment: __heap_base unused
__heap_limit 00000100

Symbol: __heap_limit
   Definitions
      At line 50 in file startup\startup_CMSDK_CM0.s
   Uses
      None
Comment: __heap_limit unused
4 symbols



ARM Macro Assembler    Page 1 Alphabetic symbol ordering
Relocatable symbols

RESET 00000000

Symbol: RESET
   Definitions
      At line 59 in file startup\startup_CMSDK_CM0.s
   Uses
      None
Comment: RESET unused
__Vectors 00000000

Symbol: __Vectors
   Definitions
      At line 64 in file startup\startup_CMSDK_CM0.s
   Uses
      At line 60 in file startup\startup_CMSDK_CM0.s
      At line 106 in file startup\startup_CMSDK_CM0.s

__Vectors_End 000000A0

Symbol: __Vectors_End
   Definitions
      At line 104 in file startup\startup_CMSDK_CM0.s
   Uses
      At line 61 in file startup\startup_CMSDK_CM0.s
      At line 106 in file startup\startup_CMSDK_CM0.s

3 symbols



ARM Macro Assembler    Page 1 Alphabetic symbol ordering
Relocatable symbols

.text 00000000

Symbol: .text
   Definitions
      At line 107 in file startup\startup_CMSDK_CM0.s
   Uses
      None
Comment: .text unused
ADC_Handler 00000012

Symbol: ADC_Handler
   Definitions
      At line 190 in file startup\startup_CMSDK_CM0.s
   Uses
      At line 96 in file startup\startup_CMSDK_CM0.s
      At line 166 in file startup\startup_CMSDK_CM0.s

BLE_CRYPT_Handler 00000012

Symbol: BLE_CRYPT_Handler
   Definitions
      At line 185 in file startup\startup_CMSDK_CM0.s
   Uses
      At line 91 in file startup\startup_CMSDK_CM0.s
      At line 161 in file startup\startup_CMSDK_CM0.s

BLE_CSCNT_Handler 00000012

Symbol: BLE_CSCNT_Handler
   Definitions
      At line 177 in file startup\startup_CMSDK_CM0.s
   Uses
      At line 83 in file startup\startup_CMSDK_CM0.s
      At line 153 in file startup\startup_CMSDK_CM0.s

BLE_ERROR_Handler 00000012

Symbol: BLE_ERROR_Handler
   Definitions
      At line 179 in file startup\startup_CMSDK_CM0.s
   Uses
      At line 85 in file startup\startup_CMSDK_CM0.s
      At line 155 in file startup\startup_CMSDK_CM0.s

BLE_EVENT_Handler 00000012

Symbol: BLE_EVENT_Handler
   Definitions
      At line 181 in file startup\startup_CMSDK_CM0.s
   Uses
      At line 87 in file startup\startup_CMSDK_CM0.s
      At line 157 in file startup\startup_CMSDK_CM0.s

BLE_FINETGTIM_Handler 00000012

Symbol: BLE_FINETGTIM_Handler
   Definitions
      At line 175 in file startup\startup_CMSDK_CM0.s
   Uses



ARM Macro Assembler    Page 2 Alphabetic symbol ordering
Relocatable symbols

      At line 81 in file startup\startup_CMSDK_CM0.s
      At line 151 in file startup\startup_CMSDK_CM0.s

BLE_GROSSTGTIM_Handler 00000012

Symbol: BLE_GROSSTGTIM_Handler
   Definitions
      At line 176 in file startup\startup_CMSDK_CM0.s
   Uses
      At line 82 in file startup\startup_CMSDK_CM0.s
      At line 152 in file startup\startup_CMSDK_CM0.s

BLE_RADIOCNTL_Handler 00000012

Symbol: BLE_RADIOCNTL_Handler
   Definitions
      At line 184 in file startup\startup_CMSDK_CM0.s
   Uses
      At line 90 in file startup\startup_CMSDK_CM0.s
      At line 160 in file startup\startup_CMSDK_CM0.s

BLE_RX_Handler 00000012

Symbol: BLE_RX_Handler
   Definitions
      At line 180 in file startup\startup_CMSDK_CM0.s
   Uses
      At line 86 in file startup\startup_CMSDK_CM0.s
      At line 156 in file startup\startup_CMSDK_CM0.s

BLE_SLP_Handler 00000012

Symbol: BLE_SLP_Handler
   Definitions
      At line 178 in file startup\startup_CMSDK_CM0.s
   Uses
      At line 84 in file startup\startup_CMSDK_CM0.s
      At line 154 in file startup\startup_CMSDK_CM0.s

BLE_WAKEUP_LP_Handler 00000012

Symbol: BLE_WAKEUP_LP_Handler
   Definitions
      At line 174 in file startup\startup_CMSDK_CM0.s
   Uses
      At line 80 in file startup\startup_CMSDK_CM0.s
      At line 150 in file startup\startup_CMSDK_CM0.s

Default_Handler 00000012

Symbol: Default_Handler
   Definitions
      At line 149 in file startup\startup_CMSDK_CM0.s
   Uses
      None
Comment: Default_Handler unused
GPIO0_Handler 00000012

Symbol: GPIO0_Handler



ARM Macro Assembler    Page 3 Alphabetic symbol ordering
Relocatable symbols

   Definitions
      At line 193 in file startup\startup_CMSDK_CM0.s
   Uses
      At line 99 in file startup\startup_CMSDK_CM0.s
      At line 169 in file startup\startup_CMSDK_CM0.s

GPIO1_Handler 00000012

Symbol: GPIO1_Handler
   Definitions
      At line 194 in file startup\startup_CMSDK_CM0.s
   Uses
      At line 100 in file startup\startup_CMSDK_CM0.s
      At line 170 in file startup\startup_CMSDK_CM0.s

GPIO2_Handler 00000012

Symbol: GPIO2_Handler
   Definitions
      At line 195 in file startup\startup_CMSDK_CM0.s
   Uses
      At line 101 in file startup\startup_CMSDK_CM0.s
      At line 171 in file startup\startup_CMSDK_CM0.s

GPIO3_Handler 00000012

Symbol: GPIO3_Handler
   Definitions
      At line 196 in file startup\startup_CMSDK_CM0.s
   Uses
      At line 102 in file startup\startup_CMSDK_CM0.s
      At line 172 in file startup\startup_CMSDK_CM0.s

GPIO4_Handler 00000012

Symbol: GPIO4_Handler
   Definitions
      At line 197 in file startup\startup_CMSDK_CM0.s
   Uses
      At line 103 in file startup\startup_CMSDK_CM0.s
      At line 173 in file startup\startup_CMSDK_CM0.s

HardFault_Handler 0000000A

Symbol: HardFault_Handler
   Definitions
      At line 133 in file startup\startup_CMSDK_CM0.s
   Uses
      At line 67 in file startup\startup_CMSDK_CM0.s
      At line 134 in file startup\startup_CMSDK_CM0.s

I2C_Handler 00000012

Symbol: I2C_Handler
   Definitions
      At line 188 in file startup\startup_CMSDK_CM0.s
   Uses
      At line 94 in file startup\startup_CMSDK_CM0.s
      At line 164 in file startup\startup_CMSDK_CM0.s



ARM Macro Assembler    Page 4 Alphabetic symbol ordering
Relocatable symbols


KEYBRD_Handler 00000012

Symbol: KEYBRD_Handler
   Definitions
      At line 191 in file startup\startup_CMSDK_CM0.s
   Uses
      At line 97 in file startup\startup_CMSDK_CM0.s
      At line 167 in file startup\startup_CMSDK_CM0.s

NMI_Handler 00000008

Symbol: NMI_Handler
   Definitions
      At line 128 in file startup\startup_CMSDK_CM0.s
   Uses
      At line 66 in file startup\startup_CMSDK_CM0.s
      At line 129 in file startup\startup_CMSDK_CM0.s

PendSV_Handler 0000000E

Symbol: PendSV_Handler
   Definitions
      At line 141 in file startup\startup_CMSDK_CM0.s
   Uses
      At line 78 in file startup\startup_CMSDK_CM0.s
      At line 142 in file startup\startup_CMSDK_CM0.s

RFCAL_Handler 00000012

Symbol: RFCAL_Handler
   Definitions
      At line 192 in file startup\startup_CMSDK_CM0.s
   Uses
      At line 98 in file startup\startup_CMSDK_CM0.s
      At line 168 in file startup\startup_CMSDK_CM0.s

Reset_Handler 00000000

Symbol: Reset_Handler
   Definitions
      At line 112 in file startup\startup_CMSDK_CM0.s
   Uses
      At line 65 in file startup\startup_CMSDK_CM0.s
      At line 113 in file startup\startup_CMSDK_CM0.s

SPI_Handler 00000012

Symbol: SPI_Handler
   Definitions
      At line 189 in file startup\startup_CMSDK_CM0.s
   Uses
      At line 95 in file startup\startup_CMSDK_CM0.s
      At line 165 in file startup\startup_CMSDK_CM0.s

SVC_Handler 0000000C

Symbol: SVC_Handler
   Definitions



ARM Macro Assembler    Page 5 Alphabetic symbol ordering
Relocatable symbols

      At line 137 in file startup\startup_CMSDK_CM0.s
   Uses
      At line 75 in file startup\startup_CMSDK_CM0.s
      At line 138 in file startup\startup_CMSDK_CM0.s

SWTIM_Handler 00000012

Symbol: SWTIM_Handler
   Definitions
      At line 182 in file startup\startup_CMSDK_CM0.s
   Uses
      At line 88 in file startup\startup_CMSDK_CM0.s
      At line 158 in file startup\startup_CMSDK_CM0.s

SysTick_Handler 00000010

Symbol: SysTick_Handler
   Definitions
      At line 145 in file startup\startup_CMSDK_CM0.s
   Uses
      At line 79 in file startup\startup_CMSDK_CM0.s
      At line 146 in file startup\startup_CMSDK_CM0.s

UART2_Handler 00000012

Symbol: UART2_Handler
   Definitions
      At line 187 in file startup\startup_CMSDK_CM0.s
   Uses
      At line 93 in file startup\startup_CMSDK_CM0.s
      At line 163 in file startup\startup_CMSDK_CM0.s

UART_Handler 00000012

Symbol: UART_Handler
   Definitions
      At line 186 in file startup\startup_CMSDK_CM0.s
   Uses
      At line 92 in file startup\startup_CMSDK_CM0.s
      At line 162 in file startup\startup_CMSDK_CM0.s

WKUP_QUADEC_Handler 00000012

Symbol: WKUP_QUADEC_Handler
   Definitions
      At line 183 in file startup\startup_CMSDK_CM0.s
   Uses
      At line 89 in file startup\startup_CMSDK_CM0.s
      At line 159 in file startup\startup_CMSDK_CM0.s

__user_initial_stackheap 00000014

Symbol: __user_initial_stackheap
   Definitions
      At line 217 in file startup\startup_CMSDK_CM0.s
   Uses
      At line 216 in file startup\startup_CMSDK_CM0.s
Comment: __user_initial_stackheap used once
33 symbols



ARM Macro Assembler    Page 1 Alphabetic symbol ordering
Absolute symbols

Heap_Size 00000100

Symbol: Heap_Size
   Definitions
      At line 45 in file startup\startup_CMSDK_CM0.s
   Uses
      At line 49 in file startup\startup_CMSDK_CM0.s
      At line 221 in file startup\startup_CMSDK_CM0.s

Stack_Size 00000200

Symbol: Stack_Size
   Definitions
      At line 34 in file startup\startup_CMSDK_CM0.s
   Uses
      At line 37 in file startup\startup_CMSDK_CM0.s
      At line 220 in file startup\startup_CMSDK_CM0.s

__Vectors_Size 000000A0

Symbol: __Vectors_Size
   Definitions
      At line 106 in file startup\startup_CMSDK_CM0.s
   Uses
      At line 62 in file startup\startup_CMSDK_CM0.s
Comment: __Vectors_Size used once
3 symbols



ARM Macro Assembler    Page 1 Alphabetic symbol ordering
External symbols

SystemInit 00000000

Symbol: SystemInit
   Definitions
      At line 115 in file startup\startup_CMSDK_CM0.s
   Uses
      At line 119 in file startup\startup_CMSDK_CM0.s
Comment: SystemInit used once
__main 00000000

Symbol: __main
   Definitions
      At line 114 in file startup\startup_CMSDK_CM0.s
   Uses
      At line 121 in file startup\startup_CMSDK_CM0.s
Comment: __main used once
__use_two_region_memory 00000000

Symbol: __use_two_region_memory
   Definitions
      At line 215 in file startup\startup_CMSDK_CM0.s
   Uses
      None
Comment: __use_two_region_memory unused
3 symbols
383 symbols in table
